<?xml version="1.0" encoding="UTF-8"?>
<!-- Generated by org.testng.reporters.JUnitReportReporter -->
<testsuite skipped="0" hostname="BDC4-L-PF1V7L8G" name="com.crm.qa.testcases.LeavePageTest" tests="2" failures="0" timestamp="14 Jul 2020 07:59:11 GMT" time="40.320" errors="0">
  <testcase name="assignButtonTest" time="18.689" classname="com.crm.qa.testcases.LeavePageTest"/>
  <testcase name="leaveListTest" time="21.631" classname="com.crm.qa.testcases.LeavePageTest"/>
</testsuite> <!-- com.crm.qa.testcases.LeavePageTest -->
