<?xml version="1.0" encoding="UTF-8"?>
<!-- Generated by org.testng.reporters.JUnitReportReporter -->
<testsuite skipped="0" hostname="BDC4-L-PF1V7L8G" name="com.crm.qa.testcases.LoginPageTest" tests="4" failures="0" timestamp="14 Jul 2020 07:59:11 GMT" time="64.316" errors="0">
  <testcase name="validateLoginPageTitleTest" time="10.776" classname="com.crm.qa.testcases.LoginPageTest"/>
  <testcase name="validateforgotPasswordLinkTest" time="12.703" classname="com.crm.qa.testcases.LoginPageTest"/>
  <testcase name="loginTest" time="28.116" classname="com.crm.qa.testcases.LoginPageTest"/>
  <testcase name="validateImageTest" time="12.721" classname="com.crm.qa.testcases.LoginPageTest"/>
</testsuite> <!-- com.crm.qa.testcases.LoginPageTest -->
