<?xml version="1.0" encoding="UTF-8"?>
<!-- Generated by org.testng.reporters.JUnitReportReporter -->
<testsuite skipped="0" hostname="BDC4-L-PF1V7L8G" name="com.crm.qa.testcases.LeavePageTest" tests="2" failures="0" timestamp="13 Jul 2020 13:32:35 GMT" time="51.316" errors="0">
  <testcase name="assignButtonTest" time="26.285" classname="com.crm.qa.testcases.LeavePageTest"/>
  <testcase name="leaveListTest" time="25.031" classname="com.crm.qa.testcases.LeavePageTest"/>
</testsuite> <!-- com.crm.qa.testcases.LeavePageTest -->
