<?xml version="1.0" encoding="UTF-8"?>
<!-- Generated by org.testng.reporters.JUnitReportReporter -->
<testsuite skipped="0" hostname="BDC4-L-PF1V7L8G" name="com.crm.qa.testcases.DashboardPageTest" tests="1" failures="0" timestamp="13 Jul 2020 10:27:01 GMT" time="23.447" errors="0">
  <testcase name="applyLeaveTest" time="23.447" classname="com.crm.qa.testcases.DashboardPageTest"/>
</testsuite> <!-- com.crm.qa.testcases.DashboardPageTest -->
