<?xml version="1.0" encoding="UTF-8"?>
<!-- Generated by org.testng.reporters.JUnitReportReporter -->
<testsuite skipped="0" hostname="BDC4-L-PF1V7L8G" name="com.crm.qa.testcases.PIMPageTest" tests="3" failures="0" timestamp="14 Jul 2020 07:59:11 GMT" time="81.651" errors="0">
  <testcase name="addEmployeesTest" time="27.145" classname="com.crm.qa.testcases.PIMPageTest"/>
  <testcase name="addEmployeesTest" time="28.397" classname="com.crm.qa.testcases.PIMPageTest"/>
  <testcase name="addEmployeesTest" time="26.109" classname="com.crm.qa.testcases.PIMPageTest"/>
</testsuite> <!-- com.crm.qa.testcases.PIMPageTest -->
