<?xml version="1.0" encoding="UTF-8"?>
<!-- Generated by org.testng.reporters.JUnitReportReporter -->
<testsuite skipped="0" hostname="BDC4-L-PF1V7L8G" name="com.crm.qa.testcases.PIMPageTest" tests="3" failures="0" timestamp="13 Jul 2020 10:27:01 GMT" time="97.979" errors="0">
  <testcase name="addEmployeesTest" time="35.480" classname="com.crm.qa.testcases.PIMPageTest"/>
  <testcase name="addEmployeesTest" time="30.302" classname="com.crm.qa.testcases.PIMPageTest"/>
  <testcase name="addEmployeesTest" time="32.197" classname="com.crm.qa.testcases.PIMPageTest"/>
</testsuite> <!-- com.crm.qa.testcases.PIMPageTest -->
