<?xml version="1.0" encoding="UTF-8"?>
<!-- Generated by org.testng.reporters.JUnitReportReporter -->
<testsuite skipped="0" hostname="BDC4-L-PF1V7L8G" name="com.crm.qa.testcases.DashboardPageTest" tests="1" failures="0" timestamp="14 Jul 2020 07:59:11 GMT" time="31.144" errors="0">
  <testcase name="applyLeaveTest" time="31.144" classname="com.crm.qa.testcases.DashboardPageTest"/>
</testsuite> <!-- com.crm.qa.testcases.DashboardPageTest -->
