<?xml version="1.0" encoding="UTF-8"?>
<!-- Generated by org.testng.reporters.JUnitReportReporter -->
<testsuite skipped="0" hostname="BDC4-L-PF1V7L8G" name="com.crm.qa.testcases.LoginPageTest" tests="4" failures="0" timestamp="13 Jul 2020 10:34:18 GMT" time="63.176" errors="0">
  <testcase name="validateLoginPageTitleTest" time="14.430" classname="com.crm.qa.testcases.LoginPageTest"/>
  <testcase name="validateforgotPasswordLinkTest" time="14.522" classname="com.crm.qa.testcases.LoginPageTest"/>
  <testcase name="loginTest" time="20.539" classname="com.crm.qa.testcases.LoginPageTest"/>
  <testcase name="validateImageTest" time="13.685" classname="com.crm.qa.testcases.LoginPageTest"/>
</testsuite> <!-- com.crm.qa.testcases.LoginPageTest -->
